<?xml version="1.0" encoding="UTF-8"?>
<!-- Generated by org.testng.reporters.JUnitXMLReporter -->
<testsuite ignored="0" hostname="DESKTOP-MIGTAFN" failures="3" tests="5" name="Strive Test" time="63.491" errors="0" timestamp="2024-07-09T16:06:08 IST">
  <testcase classname="com.TestClassExecutionPACK.StriveLoginTest" name="verify_loginpage_Title_Test" time="0.023">
    <failure type="java.lang.AssertionError" message="expected [STRIVE] but found []">
      <![CDATA[java.lang.AssertionError: expected [STRIVE] but found []
at com.TestClassExecutionPACK.StriveLoginTest.verify_loginpage_Title_Test(StriveLoginTest.java:24)
at java.base/java.util.concurrent.ThreadPoolExecutor.runWorker(ThreadPoolExecutor.java:1136)
at java.base/java.util.concurrent.ThreadPoolExecutor$Worker.run(ThreadPoolExecutor.java:635)
at java.base/java.lang.Thread.run(Thread.java:833)
... Removed 18 stack frames]]>
    </failure>
  </testcase> <!-- verify_loginpage_Title_Test -->
  <testcase classname="com.TestClassExecutionPACK.StriveLoginTest" name="Verify_loginPageHeaderTest" time="1.179"/>
  <testcase classname="com.TestClassExecutionPACK.StriveLoginTest" name="verify_LoginpageTest" time="1.849"/>
  <testcase classname="com.TestClassExecutionPACK.StriveLoginTest" name="verify_LoginpageTest" time="0.0">
    <failure type="org.testng.TestNGException" message="
Cannot inject @Test annotated Method [verify_LoginpageTest] with [class java.lang.String, class java.lang.String].
For more information on native dependency injection please refer to https://testng.org/doc/documentation-main.html#native-dependency-injection">
      <![CDATA[org.testng.TestNGException: 
Cannot inject @Test annotated Method [verify_LoginpageTest] with [class java.lang.String, class java.lang.String].
For more information on native dependency injection please refer to https://testng.org/doc/documentation-main.html#native-dependency-injection
at java.base/java.util.concurrent.ThreadPoolExecutor.runWorker(ThreadPoolExecutor.java:1136)
at java.base/java.util.concurrent.ThreadPoolExecutor$Worker.run(ThreadPoolExecutor.java:635)
at java.base/java.lang.Thread.run(Thread.java:833)
... Removed 11 stack frames]]>
    </failure>
  </testcase> <!-- verify_LoginpageTest -->
  <testcase classname="com.TestClassExecutionPACK.StriveLoginTest" name="verify_LoginpageTest" time="0.0">
    <failure type="org.testng.TestNGException" message="
Cannot inject @Test annotated Method [verify_LoginpageTest] with [class java.lang.String, class java.lang.String, class java.lang.String].
For more information on native dependency injection please refer to https://testng.org/doc/documentation-main.html#native-dependency-injection">
      <![CDATA[org.testng.TestNGException: 
Cannot inject @Test annotated Method [verify_LoginpageTest] with [class java.lang.String, class java.lang.String, class java.lang.String].
For more information on native dependency injection please refer to https://testng.org/doc/documentation-main.html#native-dependency-injection
at java.base/java.util.concurrent.ThreadPoolExecutor.runWorker(ThreadPoolExecutor.java:1136)
at java.base/java.util.concurrent.ThreadPoolExecutor$Worker.run(ThreadPoolExecutor.java:635)
at java.base/java.lang.Thread.run(Thread.java:833)
... Removed 11 stack frames]]>
    </failure>
  </testcase> <!-- verify_LoginpageTest -->
</testsuite> <!-- Strive Test -->
